[0.176s] Invoking command in '/home/hoangkn/Hoang/Main-Projects/SentinelDrone/bookros2_ws/build/br2_basics': CMAKE_PREFIX_PATH=${CMAKE_PREFIX_PATH}:/opt/ros/jazzy DEBUGINFOD_URLS=https://debuginfod.ubuntu.com /usr/bin/cmake /home/hoangkn/Hoang/Main-Projects/SentinelDrone/bookros2_ws/src/book_ros2/br2_basics -DAMENT_CMAKE_SYMLINK_INSTALL=1 -DCMAKE_INSTALL_PREFIX=/home/hoangkn/Hoang/Main-Projects/SentinelDrone/bookros2_ws/install/br2_basics
[1.338s] -- The C compiler identification is GNU 13.3.0
[1.338s] -- The CXX compiler identification is GNU 13.3.0
[1.338s] -- Detecting C compiler ABI info
[1.338s] -- Detecting C compiler ABI info - done
[1.338s] -- Check for working C compiler: /usr/bin/cc - skipped
[1.339s] -- Detecting C compile features
[1.339s] -- Detecting C compile features - done
[1.339s] -- Detecting CXX compiler ABI info
[1.339s] -- Detecting CXX compiler ABI info - done
[1.339s] -- Check for working CXX compiler: /usr/bin/c++ - skipped
[1.339s] -- Detecting CXX compile features
[1.339s] -- Detecting CXX compile features - done
[1.339s] -- Found ament_cmake: 2.5.6 (/opt/ros/jazzy/share/ament_cmake/cmake)
[1.339s] -- Found Python3: /usr/bin/python3 (found version "3.12.3") found components: Interpreter 
[1.339s] -- Override CMake install command with custom implementation using symlinks instead of copying resources
[1.340s] -- Found rclcpp: 28.1.18 (/opt/ros/jazzy/share/rclcpp/cmake)
[1.340s] -- Found rosidl_generator_c: 4.6.7 (/opt/ros/jazzy/share/rosidl_generator_c/cmake)
[1.340s] -- Found rosidl_generator_cpp: 4.6.7 (/opt/ros/jazzy/share/rosidl_generator_cpp/cmake)
[1.340s] -- Using all available rosidl_typesupport_c: rosidl_typesupport_fastrtps_c;rosidl_typesupport_introspection_c
[1.366s] -- Using all available rosidl_typesupport_cpp: rosidl_typesupport_fastrtps_cpp;rosidl_typesupport_introspection_cpp
[1.473s] -- Found rmw_implementation_cmake: 7.3.3 (/opt/ros/jazzy/share/rmw_implementation_cmake/cmake)
[1.478s] -- Found rmw_fastrtps_cpp: 8.4.3 (/opt/ros/jazzy/share/rmw_fastrtps_cpp/cmake)
[1.567s] -- Performing Test CMAKE_HAVE_LIBC_PTHREAD
[1.649s] -- Performing Test CMAKE_HAVE_LIBC_PTHREAD - Success
[1.650s] -- Found Threads: TRUE  
[1.651s] -- Found OpenSSL: /home/hoangkn/Hoang/Tools/vcpkg/installed/x64-linux/debug/lib/libcrypto.a (found version "3.6.2")  
[1.687s] -- Found FastRTPS: /opt/ros/jazzy/include (Required is at least version "2.13") 
[1.718s] -- Using RMW implementation 'rmw_fastrtps_cpp' as default
[1.809s] -- Found std_msgs: 5.3.7 (/opt/ros/jazzy/share/std_msgs/cmake)
[1.831s] -- Found ament_lint_auto: 0.17.5 (/opt/ros/jazzy/share/ament_lint_auto/cmake)
[1.927s] -- Added test 'copyright' to check source files copyright and LICENSE
[1.930s] -- Added test 'cppcheck' to perform static code analysis on C / C++ code
[1.931s] -- Configured cppcheck include dirs: 
[1.931s] -- Configured cppcheck exclude dirs and/or files: 
[1.933s] -- Added test 'cpplint' to check C / C++ code against the Google style
[1.933s] -- Configured cpplint exclude dirs and/or files: 
[1.935s] -- Added test 'flake8' to check Python code syntax and style conventions
[1.936s] -- Configured 'flake8' exclude dirs and/or files: 
[1.938s] -- Added test 'lint_cmake' to check CMake code style
[1.940s] -- Added test 'pep257' to check Python code against some of the docstring style conventions in PEP 257
[1.942s] -- Added test 'uncrustify' to check C / C++ code style
[1.942s] -- Configured uncrustify additional arguments: 
[1.944s] -- Added test 'xmllint' to check XML markup files
[1.950s] -- Configuring done (1.8s)
[1.971s] -- Generating done (0.0s)
[1.979s] -- Build files have been written to: /home/hoangkn/Hoang/Main-Projects/SentinelDrone/bookros2_ws/build/br2_basics
