[0.183s] Invoking command in '/home/hoangkn/Hoang/Main-Projects/SentinelDrone/bookros2_ws/build/pal_urdf_utils': CMAKE_PREFIX_PATH=${CMAKE_PREFIX_PATH}:/opt/ros/jazzy DEBUGINFOD_URLS=https://debuginfod.ubuntu.com /usr/bin/cmake /home/hoangkn/Hoang/Main-Projects/SentinelDrone/bookros2_ws/src/ThirdParty/pal_urdf_utils -DAMENT_CMAKE_SYMLINK_INSTALL=1 -DCMAKE_INSTALL_PREFIX=/home/hoangkn/Hoang/Main-Projects/SentinelDrone/bookros2_ws/install/pal_urdf_utils
[0.354s] -- The C compiler identification is GNU 13.3.0
[0.476s] -- The CXX compiler identification is GNU 13.3.0
[0.497s] -- Detecting C compiler ABI info
[0.625s] -- Detecting C compiler ABI info - done
[0.638s] -- Check for working C compiler: /usr/bin/cc - skipped
[0.638s] -- Detecting C compile features
[0.638s] -- Detecting C compile features - done
[0.651s] -- Detecting CXX compiler ABI info
[0.782s] -- Detecting CXX compiler ABI info - done
[0.795s] -- Check for working CXX compiler: /usr/bin/c++ - skipped
[0.795s] -- Detecting CXX compile features
[0.795s] -- Detecting CXX compile features - done
[0.802s] -- Found ament_cmake_auto: 2.5.6 (/opt/ros/jazzy/share/ament_cmake_auto/cmake)
[1.053s] -- Found Python3: /usr/bin/python3 (found version "3.12.3") found components: Interpreter 
[1.163s] -- Override CMake install command with custom implementation using symlinks instead of copying resources
[1.357s] -- Found ament_lint_auto: 0.17.5 (/opt/ros/jazzy/share/ament_lint_auto/cmake)
[1.399s] -- Added test 'copyright' to check source files copyright and LICENSE
[1.414s] -- Added test 'lint_cmake' to check CMake code style
[1.419s] -- Added test 'xmllint' to check XML markup files
[1.426s] -- Configuring done (1.2s)
[1.430s] -- Generating done (0.0s)
[1.432s] -- Build files have been written to: /home/hoangkn/Hoang/Main-Projects/SentinelDrone/bookros2_ws/build/pal_urdf_utils
