[0.180s] Invoking command in '/home/hoangkn/Hoang/Main-Projects/SentinelDrone/bookros2_ws/build/pal_hey5_controller_configuration': CMAKE_PREFIX_PATH=${CMAKE_PREFIX_PATH}:/opt/ros/jazzy DEBUGINFOD_URLS=https://debuginfod.ubuntu.com /usr/bin/cmake /home/hoangkn/Hoang/Main-Projects/SentinelDrone/bookros2_ws/src/ThirdParty/pal_hey5/pal_hey5_controller_configuration -DAMENT_CMAKE_SYMLINK_INSTALL=1 -DCMAKE_INSTALL_PREFIX=/home/hoangkn/Hoang/Main-Projects/SentinelDrone/bookros2_ws/install/pal_hey5_controller_configuration
[0.344s] -- The C compiler identification is GNU 13.3.0
[0.474s] -- The CXX compiler identification is GNU 13.3.0
[0.495s] -- Detecting C compiler ABI info
[0.613s] -- Detecting C compiler ABI info - done
[0.625s] -- Check for working C compiler: /usr/bin/cc - skipped
[0.625s] -- Detecting C compile features
[0.626s] -- Detecting C compile features - done
[0.635s] -- Detecting CXX compiler ABI info
[0.768s] -- Detecting CXX compiler ABI info - done
[0.783s] -- Check for working CXX compiler: /usr/bin/c++ - skipped
[0.783s] -- Detecting CXX compile features
[0.783s] -- Detecting CXX compile features - done
[0.793s] -- Found ament_cmake_auto: 2.5.6 (/opt/ros/jazzy/share/ament_cmake_auto/cmake)
[1.036s] -- Found Python3: /usr/bin/python3 (found version "3.12.3") found components: Interpreter 
[1.150s] -- Override CMake install command with custom implementation using symlinks instead of copying resources
[1.214s] -- Found ament_lint_auto: 0.17.5 (/opt/ros/jazzy/share/ament_lint_auto/cmake)
[1.376s] -- Added test 'copyright' to check source files copyright and LICENSE
[1.381s] -- Added test 'flake8' to check Python code syntax and style conventions
[1.381s] -- Configured 'flake8' exclude dirs and/or files: 
[1.384s] -- Added test 'lint_cmake' to check CMake code style
[1.387s] -- Added test 'pep257' to check Python code against some of the docstring style conventions in PEP 257
[1.391s] -- Added test 'xmllint' to check XML markup files
[1.398s] -- Configuring done (1.2s)
[1.402s] -- Generating done (0.0s)
[1.406s] -- Build files have been written to: /home/hoangkn/Hoang/Main-Projects/SentinelDrone/bookros2_ws/build/pal_hey5_controller_configuration
