[0.181s] Invoking command in '/home/hoangkn/Hoang/Main-Projects/SentinelDrone/bookros2_ws/build/pal_gripper_controller_configuration': CMAKE_PREFIX_PATH=${CMAKE_PREFIX_PATH}:/opt/ros/jazzy DEBUGINFOD_URLS=https://debuginfod.ubuntu.com /usr/bin/cmake /home/hoangkn/Hoang/Main-Projects/SentinelDrone/bookros2_ws/src/ThirdParty/pal_gripper/pal_gripper_controller_configuration -DAMENT_CMAKE_SYMLINK_INSTALL=1 -DCMAKE_INSTALL_PREFIX=/home/hoangkn/Hoang/Main-Projects/SentinelDrone/bookros2_ws/install/pal_gripper_controller_configuration
[0.344s] -- The C compiler identification is GNU 13.3.0
[0.469s] -- The CXX compiler identification is GNU 13.3.0
[0.489s] -- Detecting C compiler ABI info
[0.611s] -- Detecting C compiler ABI info - done
[0.624s] -- Check for working C compiler: /usr/bin/cc - skipped
[0.624s] -- Detecting C compile features
[0.624s] -- Detecting C compile features - done
[0.634s] -- Detecting CXX compiler ABI info
[0.771s] -- Detecting CXX compiler ABI info - done
[0.785s] -- Check for working CXX compiler: /usr/bin/c++ - skipped
[0.786s] -- Detecting CXX compile features
[0.786s] -- Detecting CXX compile features - done
[0.796s] -- Found ament_cmake_auto: 2.5.6 (/opt/ros/jazzy/share/ament_cmake_auto/cmake)
[1.038s] -- Found Python3: /usr/bin/python3 (found version "3.12.3") found components: Interpreter 
[1.148s] -- Override CMake install command with custom implementation using symlinks instead of copying resources
[1.220s] -- Found ament_lint_auto: 0.17.5 (/opt/ros/jazzy/share/ament_lint_auto/cmake)
[1.368s] -- Added test 'copyright' to check source files copyright and LICENSE
[1.374s] -- Added test 'flake8' to check Python code syntax and style conventions
[1.374s] -- Configured 'flake8' exclude dirs and/or files: 
[1.377s] -- Added test 'lint_cmake' to check CMake code style
[1.381s] -- Added test 'pep257' to check Python code against some of the docstring style conventions in PEP 257
[1.385s] -- Added test 'xmllint' to check XML markup files
[1.393s] -- Configuring done (1.2s)
[1.396s] -- Generating done (0.0s)
[1.398s] -- Build files have been written to: /home/hoangkn/Hoang/Main-Projects/SentinelDrone/bookros2_ws/build/pal_gripper_controller_configuration
