[0.179s] Invoking command in '/home/hoangkn/Hoang/Main-Projects/SentinelDrone/bookros2_ws/build/pal_robotiq_controller_configuration': CMAKE_PREFIX_PATH=${CMAKE_PREFIX_PATH}:/opt/ros/jazzy DEBUGINFOD_URLS=https://debuginfod.ubuntu.com /usr/bin/cmake /home/hoangkn/Hoang/Main-Projects/SentinelDrone/bookros2_ws/src/ThirdParty/pal_robotiq_gripper/pal_robotiq_controller_configuration -DAMENT_CMAKE_SYMLINK_INSTALL=1 -DCMAKE_INSTALL_PREFIX=/home/hoangkn/Hoang/Main-Projects/SentinelDrone/bookros2_ws/install/pal_robotiq_controller_configuration
[0.343s] -- The C compiler identification is GNU 13.3.0
[0.464s] -- The CXX compiler identification is GNU 13.3.0
[0.484s] -- Detecting C compiler ABI info
[0.610s] -- Detecting C compiler ABI info - done
[0.624s] -- Check for working C compiler: /usr/bin/cc - skipped
[0.626s] -- Detecting C compile features
[0.626s] -- Detecting C compile features - done
[0.637s] -- Detecting CXX compiler ABI info
[0.767s] -- Detecting CXX compiler ABI info - done
[0.777s] -- Check for working CXX compiler: /usr/bin/c++ - skipped
[0.780s] -- Detecting CXX compile features
[0.780s] -- Detecting CXX compile features - done
[0.790s] -- Found ament_cmake_auto: 2.5.6 (/opt/ros/jazzy/share/ament_cmake_auto/cmake)
[0.999s] -- Found Python3: /usr/bin/python3 (found version "3.12.3") found components: Interpreter 
[1.117s] -- Override CMake install command with custom implementation using symlinks instead of copying resources
[1.309s] -- Found ament_lint_auto: 0.17.5 (/opt/ros/jazzy/share/ament_lint_auto/cmake)
[1.362s] -- Added test 'copyright' to check source files copyright and LICENSE
[1.367s] -- Added test 'flake8' to check Python code syntax and style conventions
[1.367s] -- Configured 'flake8' exclude dirs and/or files: 
[1.373s] -- Added test 'lint_cmake' to check CMake code style
[1.373s] -- Added test 'pep257' to check Python code against some of the docstring style conventions in PEP 257
[1.377s] -- Added test 'xmllint' to check XML markup files
[1.384s] -- Configuring done (1.2s)
[1.389s] -- Generating done (0.0s)
[1.391s] -- Build files have been written to: /home/hoangkn/Hoang/Main-Projects/SentinelDrone/bookros2_ws/build/pal_robotiq_controller_configuration
