[1.092s] Invoking command in '/home/hoangkn/Hoang/Main-Projects/SentinelDrone/bookros2_ws/build/launch_pal': DEBUGINFOD_URLS=https://debuginfod.ubuntu.com PYTHONPATH=/home/hoangkn/Hoang/Main-Projects/SentinelDrone/bookros2_ws/build/launch_pal/prefix_override:/usr/lib/python3/dist-packages/colcon_core/task/python/colcon_distutils_commands:/home/hoangkn/Hoang/Main-Projects/SentinelDrone/bookros2_ws/install/launch_pal/lib/python3.12/site-packages:${PYTHONPATH} /usr/bin/python3 -W ignore:setup.py install is deprecated -W ignore:easy_install command is deprecated setup.py develop --editable --build-directory /home/hoangkn/Hoang/Main-Projects/SentinelDrone/bookros2_ws/build/launch_pal/build --no-deps symlink_data
[1.456s] running develop
[1.613s] running egg_info
[1.613s] creating launch_pal.egg-info
[1.629s] writing launch_pal.egg-info/PKG-INFO
[1.629s] writing dependency_links to launch_pal.egg-info/dependency_links.txt
[1.629s] writing requirements to launch_pal.egg-info/requires.txt
[1.629s] writing top-level names to launch_pal.egg-info/top_level.txt
[1.629s] writing manifest file 'launch_pal.egg-info/SOURCES.txt'
[1.660s] reading manifest file 'launch_pal.egg-info/SOURCES.txt'
[1.661s] writing manifest file 'launch_pal.egg-info/SOURCES.txt'
[1.677s] running build_ext
[1.678s] Creating /home/hoangkn/Hoang/Main-Projects/SentinelDrone/bookros2_ws/install/launch_pal/lib/python3.12/site-packages/launch-pal.egg-link (link to .)
[1.678s] 
[1.678s] Installed /home/hoangkn/Hoang/Main-Projects/SentinelDrone/bookros2_ws/build/launch_pal
[1.678s] running symlink_data
[1.678s] creating /home/hoangkn/Hoang/Main-Projects/SentinelDrone/bookros2_ws/install/launch_pal/share/ament_index
[1.678s] creating /home/hoangkn/Hoang/Main-Projects/SentinelDrone/bookros2_ws/install/launch_pal/share/ament_index/resource_index
[1.679s] creating /home/hoangkn/Hoang/Main-Projects/SentinelDrone/bookros2_ws/install/launch_pal/share/ament_index/resource_index/packages
[1.679s] symbolically linking /home/hoangkn/Hoang/Main-Projects/SentinelDrone/bookros2_ws/build/launch_pal/resource/launch_pal -> /home/hoangkn/Hoang/Main-Projects/SentinelDrone/bookros2_ws/install/launch_pal/share/ament_index/resource_index/packages
[1.679s] symbolically linking /home/hoangkn/Hoang/Main-Projects/SentinelDrone/bookros2_ws/build/launch_pal/package.xml -> /home/hoangkn/Hoang/Main-Projects/SentinelDrone/bookros2_ws/install/launch_pal/share/launch_pal
[1.679s] creating /home/hoangkn/Hoang/Main-Projects/SentinelDrone/bookros2_ws/install/launch_pal/share/launch_pal/config
[1.679s] symbolically linking /home/hoangkn/Hoang/Main-Projects/SentinelDrone/bookros2_ws/build/launch_pal/config/robot_configuration.yaml -> /home/hoangkn/Hoang/Main-Projects/SentinelDrone/bookros2_ws/install/launch_pal/share/launch_pal/config
