[0.175s] Invoking command in '/home/hoangkn/Hoang/Main-Projects/SentinelDrone/bookros2_ws/build/br2_bt_bumpgo': CMAKE_PREFIX_PATH=${CMAKE_PREFIX_PATH}:/opt/ros/jazzy DEBUGINFOD_URLS=https://debuginfod.ubuntu.com /usr/bin/cmake /home/hoangkn/Hoang/Main-Projects/SentinelDrone/bookros2_ws/src/book_ros2/br2_bt_bumpgo -DAMENT_CMAKE_SYMLINK_INSTALL=1 -DCMAKE_INSTALL_PREFIX=/home/hoangkn/Hoang/Main-Projects/SentinelDrone/bookros2_ws/install/br2_bt_bumpgo
[1.387s] -- The C compiler identification is GNU 13.3.0
[1.387s] -- The CXX compiler identification is GNU 13.3.0
[1.387s] -- Detecting C compiler ABI info
[1.387s] -- Detecting C compiler ABI info - done
[1.387s] -- Check for working C compiler: /usr/bin/cc - skipped
[1.388s] -- Detecting C compile features
[1.388s] -- Detecting C compile features - done
[1.388s] -- Detecting CXX compiler ABI info
[1.388s] -- Detecting CXX compiler ABI info - done
[1.388s] -- Check for working CXX compiler: /usr/bin/c++ - skipped
[1.388s] -- Detecting CXX compile features
[1.388s] -- Detecting CXX compile features - done
[1.388s] -- Found ament_cmake: 2.5.6 (/opt/ros/jazzy/share/ament_cmake/cmake)
[1.388s] -- Found Python3: /usr/bin/python3 (found version "3.12.3") found components: Interpreter 
[1.388s] -- Override CMake install command with custom implementation using symlinks instead of copying resources
[1.388s] -- Found rclcpp: 28.1.18 (/opt/ros/jazzy/share/rclcpp/cmake)
[1.389s] -- Found rosidl_generator_c: 4.6.7 (/opt/ros/jazzy/share/rosidl_generator_c/cmake)
[1.389s] -- Found rosidl_generator_cpp: 4.6.7 (/opt/ros/jazzy/share/rosidl_generator_cpp/cmake)
[1.389s] -- Using all available rosidl_typesupport_c: rosidl_typesupport_fastrtps_c;rosidl_typesupport_introspection_c
[1.389s] -- Using all available rosidl_typesupport_cpp: rosidl_typesupport_fastrtps_cpp;rosidl_typesupport_introspection_cpp
[1.471s] -- Found rmw_implementation_cmake: 7.3.3 (/opt/ros/jazzy/share/rmw_implementation_cmake/cmake)
[1.476s] -- Found rmw_fastrtps_cpp: 8.4.3 (/opt/ros/jazzy/share/rmw_fastrtps_cpp/cmake)
[1.566s] -- Performing Test CMAKE_HAVE_LIBC_PTHREAD
[1.647s] -- Performing Test CMAKE_HAVE_LIBC_PTHREAD - Success
[1.648s] -- Found Threads: TRUE  
[1.649s] -- Found OpenSSL: /home/hoangkn/Hoang/Tools/vcpkg/installed/x64-linux/debug/lib/libcrypto.a (found version "3.6.2")  
[1.685s] -- Found FastRTPS: /opt/ros/jazzy/include (Required is at least version "2.13") 
[1.718s] -- Using RMW implementation 'rmw_fastrtps_cpp' as default
[1.817s] [31mCMake Error at /home/hoangkn/Hoang/Tools/vcpkg/scripts/buildsystems/vcpkg.cmake:910 (_find_package):
[1.817s]   By not providing "Findbehaviortree_cpp_v3.cmake" in CMAKE_MODULE_PATH this
[1.817s]   project has asked CMake to find a package configuration file provided by
[1.817s]   "behaviortree_cpp_v3", but CMake did not find one.
[1.817s] 
[1.817s]   Could not find a package configuration file provided by
[1.817s]   "behaviortree_cpp_v3" with any of the following names:
[1.817s] 
[1.817s]     behaviortree_cpp_v3Config.cmake
[1.818s]     behaviortree_cpp_v3-config.cmake
[1.818s] 
[1.818s]   Add the installation prefix of "behaviortree_cpp_v3" to CMAKE_PREFIX_PATH
[1.818s]   or set "behaviortree_cpp_v3_DIR" to a directory containing one of the above
[1.818s]   files.  If "behaviortree_cpp_v3" provides a separate development package or
[1.818s]   SDK, be sure it has been installed.
[1.818s] Call Stack (most recent call first):
[1.818s]   CMakeLists.txt:9 (find_package)
[1.818s] 
[1.818s] [0m
[1.818s] -- Configuring incomplete, errors occurred!
