[33mCMake Warning (dev) at CMakeLists.txt:1 (project):
  cmake_minimum_required() should be called prior to this top-level project()
  call.  Please see the cmake-commands(7) manual for usage documentation of
  both commands.
This warning is for project developers.  Use -Wno-dev to suppress it.
[0m
-- The C compiler identification is GNU 13.3.0
-- The CXX compiler identification is GNU 13.3.0
-- Detecting C compiler ABI info
-- Detecting C compiler ABI info - done
-- Check for working C compiler: /usr/bin/cc - skipped
-- Detecting C compile features
-- Detecting C compile features - done
-- Detecting CXX compiler ABI info
-- Detecting CXX compiler ABI info - done
-- Check for working CXX compiler: /usr/bin/c++ - skipped
-- Detecting CXX compile features
-- Detecting CXX compile features - done
-- Found ament_cmake: 2.5.6 (/opt/ros/jazzy/share/ament_cmake/cmake)
-- Found Python3: /usr/bin/python3 (found version "3.12.3") found components: Interpreter 
-- Override CMake install command with custom implementation using symlinks instead of copying resources
-- Found builtin_interfaces: 2.0.3 (/opt/ros/jazzy/share/builtin_interfaces/cmake)
[33mCMake Warning (dev) at /opt/ros/jazzy/share/ament_cmake_core/cmake/core/normalize_path.cmake:52 (while):
  Policy CMP0130 is not set: while() diagnoses condition evaluation errors.
  Run "cmake --help-policy CMP0130" for policy details.  Use the cmake_policy
  command to set the policy and suppress this warning.

  while() given incorrect arguments:

    "TRUE"

  An argument named "TRUE" appears in a conditional statement.  Policy
  CMP0012 is not set: if() recognizes numbers and boolean constants.  Run
  "cmake --help-policy CMP0012" for policy details.  Use the cmake_policy
  command to set the policy and suppress this warning.
Call Stack (most recent call first):
  /opt/ros/jazzy/share/ament_cmake_core/cmake/core/normalize_path.cmake:34 (_normalize_path__collapse_redundant)
  /opt/ros/jazzy/share/builtin_interfaces/cmake/ament_cmake_export_include_directories-extras.cmake:13 (normalize_path)
  /opt/ros/jazzy/share/builtin_interfaces/cmake/builtin_interfacesConfig.cmake:41 (include)
  /home/hoangkn/Hoang/Tools/vcpkg/scripts/buildsystems/vcpkg.cmake:910 (_find_package)
  CMakeLists.txt:6 (find_package)
This warning is for project developers.  Use -Wno-dev to suppress it.
[0m
[33mCMake Warning (dev) at /opt/ros/jazzy/share/ament_cmake_core/cmake/core/normalize_path.cmake:72 (while):
  Policy CMP0130 is not set: while() diagnoses condition evaluation errors.
  Run "cmake --help-policy CMP0130" for policy details.  Use the cmake_policy
  command to set the policy and suppress this warning.

  while() given incorrect arguments:

    "TRUE"

  An argument named "TRUE" appears in a conditional statement.  Policy
  CMP0012 is not set: if() recognizes numbers and boolean constants.  Run
  "cmake --help-policy CMP0012" for policy details.  Use the cmake_policy
  command to set the policy and suppress this warning.
Call Stack (most recent call first):
  /opt/ros/jazzy/share/ament_cmake_core/cmake/core/normalize_path.cmake:35 (_normalize_path__collapse_uplevel_reference)
  /opt/ros/jazzy/share/builtin_interfaces/cmake/ament_cmake_export_include_directories-extras.cmake:13 (normalize_path)
  /opt/ros/jazzy/share/builtin_interfaces/cmake/builtin_interfacesConfig.cmake:41 (include)
  /home/hoangkn/Hoang/Tools/vcpkg/scripts/buildsystems/vcpkg.cmake:910 (_find_package)
  CMakeLists.txt:6 (find_package)
This warning is for project developers.  Use -Wno-dev to suppress it.
[0m
[33mCMake Warning (dev) at /opt/ros/jazzy/share/builtin_interfaces/cmake/rosidl_cmake_export_typesupport_targets-extras.cmake:12 (list):
  Policy CMP0007 is not set: list command no longer ignores empty elements.
  Run "cmake --help-policy CMP0007" for policy details.  Use the cmake_policy
  command to set the policy and suppress this warning.  List has value =
  [;builtin_interfaces__rosidl_generator_py].
Call Stack (most recent call first):
  /opt/ros/jazzy/share/builtin_interfaces/cmake/builtin_interfacesConfig.cmake:41 (include)
  /home/hoangkn/Hoang/Tools/vcpkg/scripts/buildsystems/vcpkg.cmake:910 (_find_package)
  CMakeLists.txt:6 (find_package)
This warning is for project developers.  Use -Wno-dev to suppress it.
[0m
[33mCMake Warning (dev) at /opt/ros/jazzy/share/builtin_interfaces/cmake/rosidl_cmake_export_typesupport_targets-extras.cmake:13 (list):
  Policy CMP0007 is not set: list command no longer ignores empty elements.
  Run "cmake --help-policy CMP0007" for policy details.  Use the cmake_policy
  command to set the policy and suppress this warning.  List has value =
  [;builtin_interfaces__rosidl_generator_py].
Call Stack (most recent call first):
  /opt/ros/jazzy/share/builtin_interfaces/cmake/builtin_interfacesConfig.cmake:41 (include)
  /home/hoangkn/Hoang/Tools/vcpkg/scripts/buildsystems/vcpkg.cmake:910 (_find_package)
  CMakeLists.txt:6 (find_package)
This warning is for project developers.  Use -Wno-dev to suppress it.
[0m
[31mCMake Error at /opt/ros/jazzy/share/builtin_interfaces/cmake/rosidl_cmake_export_typesupport_targets-extras.cmake:13 (list):
  list index: 1 out of range (-1, 0)
Call Stack (most recent call first):
  /opt/ros/jazzy/share/builtin_interfaces/cmake/builtin_interfacesConfig.cmake:41 (include)
  /home/hoangkn/Hoang/Tools/vcpkg/scripts/buildsystems/vcpkg.cmake:910 (_find_package)
  CMakeLists.txt:6 (find_package)

[0m
[33mCMake Warning at /opt/ros/jazzy/share/builtin_interfaces/cmake/rosidl_cmake_export_typesupport_targets-extras.cmake:18 (message):
  Package 'builtin_interfaces' exports the typesupport target
  'builtin_interfaces::builtin_interfaces::builtin_interfaces__rosidl_typesupport_cpp'
  which doesn't exist
Call Stack (most recent call first):
  /opt/ros/jazzy/share/builtin_interfaces/cmake/builtin_interfacesConfig.cmake:41 (include)
  /home/hoangkn/Hoang/Tools/vcpkg/scripts/buildsystems/vcpkg.cmake:910 (_find_package)
  CMakeLists.txt:6 (find_package)

[0m
[33mCMake Warning (dev) at /opt/ros/jazzy/share/ament_cmake_core/cmake/core/normalize_path.cmake:52 (while):
  Policy CMP0130 is not set: while() diagnoses condition evaluation errors.
  Run "cmake --help-policy CMP0130" for policy details.  Use the cmake_policy
  command to set the policy and suppress this warning.

  while() given incorrect arguments:

    "TRUE"

  An argument named "TRUE" appears in a conditional statement.  Policy
  CMP0012 is not set: if() recognizes numbers and boolean constants.  Run
  "cmake --help-policy CMP0012" for policy details.  Use the cmake_policy
  command to set the policy and suppress this warning.
Call Stack (most recent call first):
  /opt/ros/jazzy/share/ament_cmake_core/cmake/core/normalize_path.cmake:34 (_normalize_path__collapse_redundant)
  /opt/ros/jazzy/share/rcutils/cmake/ament_cmake_export_include_directories-extras.cmake:13 (normalize_path)
  /opt/ros/jazzy/share/rcutils/cmake/rcutilsConfig.cmake:41 (include)
  /home/hoangkn/Hoang/Tools/vcpkg/scripts/buildsystems/vcpkg.cmake:910 (_find_package)
  /opt/ros/jazzy/share/rosidl_runtime_c/cmake/ament_cmake_export_dependencies-extras.cmake:21 (find_package)
  /opt/ros/jazzy/share/rosidl_runtime_c/cmake/rosidl_runtime_cConfig.cmake:41 (include)
  /home/hoangkn/Hoang/Tools/vcpkg/scripts/buildsystems/vcpkg.cmake:910 (_find_package)
  /opt/ros/jazzy/share/builtin_interfaces/cmake/ament_cmake_export_dependencies-extras.cmake:21 (find_package)
  /opt/ros/jazzy/share/builtin_interfaces/cmake/builtin_interfacesConfig.cmake:41 (include)
  /home/hoangkn/Hoang/Tools/vcpkg/scripts/buildsystems/vcpkg.cmake:910 (_find_package)
  CMakeLists.txt:6 (find_package)
This warning is for project developers.  Use -Wno-dev to suppress it.
[0m
[33mCMake Warning (dev) at /opt/ros/jazzy/share/ament_cmake_core/cmake/core/normalize_path.cmake:72 (while):
  Policy CMP0130 is not set: while() diagnoses condition evaluation errors.
  Run "cmake --help-policy CMP0130" for policy details.  Use the cmake_policy
  command to set the policy and suppress this warning.

  while() given incorrect arguments:

    "TRUE"

  An argument named "TRUE" appears in a conditional statement.  Policy
  CMP0012 is not set: if() recognizes numbers and boolean constants.  Run
  "cmake --help-policy CMP0012" for policy details.  Use the cmake_policy
  command to set the policy and suppress this warning.
Call Stack (most recent call first):
  /opt/ros/jazzy/share/ament_cmake_core/cmake/core/normalize_path.cmake:35 (_normalize_path__collapse_uplevel_reference)
  /opt/ros/jazzy/share/rcutils/cmake/ament_cmake_export_include_directories-extras.cmake:13 (normalize_path)
  /opt/ros/jazzy/share/rcutils/cmake/rcutilsConfig.cmake:41 (include)
  /home/hoangkn/Hoang/Tools/vcpkg/scripts/buildsystems/vcpkg.cmake:910 (_find_package)
  /opt/ros/jazzy/share/rosidl_runtime_c/cmake/ament_cmake_export_dependencies-extras.cmake:21 (find_package)
  /opt/ros/jazzy/share/rosidl_runtime_c/cmake/rosidl_runtime_cConfig.cmake:41 (include)
  /home/hoangkn/Hoang/Tools/vcpkg/scripts/buildsystems/vcpkg.cmake:910 (_find_package)
  /opt/ros/jazzy/share/builtin_interfaces/cmake/ament_cmake_export_dependencies-extras.cmake:21 (find_package)
  /opt/ros/jazzy/share/builtin_interfaces/cmake/builtin_interfacesConfig.cmake:41 (include)
  /home/hoangkn/Hoang/Tools/vcpkg/scripts/buildsystems/vcpkg.cmake:910 (_find_package)
  CMakeLists.txt:6 (find_package)
This warning is for project developers.  Use -Wno-dev to suppress it.
[0m
[33mCMake Warning (dev) at /opt/ros/jazzy/share/ament_cmake_core/cmake/core/list_append_unique.cmake:30 (if):
  Policy CMP0057 is not set: Support new IN_LIST if() operator.  Run "cmake
  --help-policy CMP0057" for policy details.  Use the cmake_policy command to
  set the policy and suppress this warning.

  IN_LIST will be interpreted as an operator when the policy is set to NEW.
  Since the policy is not set the OLD behavior will be used.
Call Stack (most recent call first):
  /opt/ros/jazzy/share/rcutils/cmake/ament_cmake_export_dependencies-extras.cmake:84 (list_append_unique)
  /opt/ros/jazzy/share/rcutils/cmake/rcutilsConfig.cmake:41 (include)
  /home/hoangkn/Hoang/Tools/vcpkg/scripts/buildsystems/vcpkg.cmake:910 (_find_package)
  /opt/ros/jazzy/share/rosidl_runtime_c/cmake/ament_cmake_export_dependencies-extras.cmake:21 (find_package)
  /opt/ros/jazzy/share/rosidl_runtime_c/cmake/rosidl_runtime_cConfig.cmake:41 (include)
  /home/hoangkn/Hoang/Tools/vcpkg/scripts/buildsystems/vcpkg.cmake:910 (_find_package)
  /opt/ros/jazzy/share/builtin_interfaces/cmake/ament_cmake_export_dependencies-extras.cmake:21 (find_package)
  /opt/ros/jazzy/share/builtin_interfaces/cmake/builtin_interfacesConfig.cmake:41 (include)
  /home/hoangkn/Hoang/Tools/vcpkg/scripts/buildsystems/vcpkg.cmake:910 (_find_package)
  CMakeLists.txt:6 (find_package)
This warning is for project developers.  Use -Wno-dev to suppress it.
[0m
[31mCMake Error at /opt/ros/jazzy/share/ament_cmake_core/cmake/core/list_append_unique.cmake:30 (if):
  if given arguments:

    "NOT" "element" "IN_LIST" "rcutils_RECURSIVE_DEPENDENCIES"

  Unknown arguments specified
Call Stack (most recent call first):
  /opt/ros/jazzy/share/rcutils/cmake/ament_cmake_export_dependencies-extras.cmake:84 (list_append_unique)
  /opt/ros/jazzy/share/rcutils/cmake/rcutilsConfig.cmake:41 (include)
  /home/hoangkn/Hoang/Tools/vcpkg/scripts/buildsystems/vcpkg.cmake:910 (_find_package)
  /opt/ros/jazzy/share/rosidl_runtime_c/cmake/ament_cmake_export_dependencies-extras.cmake:21 (find_package)
  /opt/ros/jazzy/share/rosidl_runtime_c/cmake/rosidl_runtime_cConfig.cmake:41 (include)
  /home/hoangkn/Hoang/Tools/vcpkg/scripts/buildsystems/vcpkg.cmake:910 (_find_package)
  /opt/ros/jazzy/share/builtin_interfaces/cmake/ament_cmake_export_dependencies-extras.cmake:21 (find_package)
  /opt/ros/jazzy/share/builtin_interfaces/cmake/builtin_interfacesConfig.cmake:41 (include)
  /home/hoangkn/Hoang/Tools/vcpkg/scripts/buildsystems/vcpkg.cmake:910 (_find_package)
  CMakeLists.txt:6 (find_package)

[0m
-- Configuring incomplete, errors occurred!
