[0.178s] Invoking command in '/home/hoangkn/Hoang/Main-Projects/SentinelDrone/bookros2_ws/build/br2_tracking_msgs': CMAKE_PREFIX_PATH=${CMAKE_PREFIX_PATH}:/opt/ros/jazzy DEBUGINFOD_URLS=https://debuginfod.ubuntu.com /usr/bin/cmake /home/hoangkn/Hoang/Main-Projects/SentinelDrone/bookros2_ws/src/book_ros2/br2_tracking_msgs -DAMENT_CMAKE_SYMLINK_INSTALL=1 -DCMAKE_INSTALL_PREFIX=/home/hoangkn/Hoang/Main-Projects/SentinelDrone/bookros2_ws/install/br2_tracking_msgs
[0.192s] [33mCMake Warning (dev) at CMakeLists.txt:1 (project):
[0.192s]   cmake_minimum_required() should be called prior to this top-level project()
[0.192s]   call.  Please see the cmake-commands(7) manual for usage documentation of
[0.193s]   both commands.
[0.193s] This warning is for project developers.  Use -Wno-dev to suppress it.
[0.193s] [0m
[0.337s] -- The C compiler identification is GNU 13.3.0
[0.461s] -- The CXX compiler identification is GNU 13.3.0
[0.483s] -- Detecting C compiler ABI info
[0.608s] -- Detecting C compiler ABI info - done
[0.620s] -- Check for working C compiler: /usr/bin/cc - skipped
[0.620s] -- Detecting C compile features
[0.621s] -- Detecting C compile features - done
[0.632s] -- Detecting CXX compiler ABI info
[0.762s] -- Detecting CXX compiler ABI info - done
[0.776s] -- Check for working CXX compiler: /usr/bin/c++ - skipped
[0.777s] -- Detecting CXX compile features
[0.778s] -- Detecting CXX compile features - done
[0.785s] -- Found ament_cmake: 2.5.6 (/opt/ros/jazzy/share/ament_cmake/cmake)
[1.030s] -- Found Python3: /usr/bin/python3 (found version "3.12.3") found components: Interpreter 
[1.141s] -- Override CMake install command with custom implementation using symlinks instead of copying resources
[1.199s] -- Found builtin_interfaces: 2.0.3 (/opt/ros/jazzy/share/builtin_interfaces/cmake)
[1.200s] [33mCMake Warning (dev) at /opt/ros/jazzy/share/ament_cmake_core/cmake/core/normalize_path.cmake:52 (while):
[1.200s]   Policy CMP0130 is not set: while() diagnoses condition evaluation errors.
[1.200s]   Run "cmake --help-policy CMP0130" for policy details.  Use the cmake_policy
[1.203s]   command to set the policy and suppress this warning.
[1.203s] 
[1.203s]   while() given incorrect arguments:
[1.203s] 
[1.204s]     "TRUE"
[1.204s] 
[1.204s]   An argument named "TRUE" appears in a conditional statement.  Policy
[1.204s]   CMP0012 is not set: if() recognizes numbers and boolean constants.  Run
[1.204s]   "cmake --help-policy CMP0012" for policy details.  Use the cmake_policy
[1.204s]   command to set the policy and suppress this warning.
[1.204s] Call Stack (most recent call first):
[1.204s]   /opt/ros/jazzy/share/ament_cmake_core/cmake/core/normalize_path.cmake:34 (_normalize_path__collapse_redundant)
[1.204s]   /opt/ros/jazzy/share/builtin_interfaces/cmake/ament_cmake_export_include_directories-extras.cmake:13 (normalize_path)
[1.204s]   /opt/ros/jazzy/share/builtin_interfaces/cmake/builtin_interfacesConfig.cmake:41 (include)
[1.204s]   /home/hoangkn/Hoang/Tools/vcpkg/scripts/buildsystems/vcpkg.cmake:910 (_find_package)
[1.204s]   CMakeLists.txt:6 (find_package)
[1.204s] This warning is for project developers.  Use -Wno-dev to suppress it.
[1.204s] [0m
[1.205s] [33mCMake Warning (dev) at /opt/ros/jazzy/share/ament_cmake_core/cmake/core/normalize_path.cmake:72 (while):
[1.205s]   Policy CMP0130 is not set: while() diagnoses condition evaluation errors.
[1.205s]   Run "cmake --help-policy CMP0130" for policy details.  Use the cmake_policy
[1.205s]   command to set the policy and suppress this warning.
[1.205s] 
[1.208s]   while() given incorrect arguments:
[1.208s] 
[1.208s]     "TRUE"
[1.208s] 
[1.208s]   An argument named "TRUE" appears in a conditional statement.  Policy
[1.208s]   CMP0012 is not set: if() recognizes numbers and boolean constants.  Run
[1.209s]   "cmake --help-policy CMP0012" for policy details.  Use the cmake_policy
[1.209s]   command to set the policy and suppress this warning.
[1.209s] Call Stack (most recent call first):
[1.209s]   /opt/ros/jazzy/share/ament_cmake_core/cmake/core/normalize_path.cmake:35 (_normalize_path__collapse_uplevel_reference)
[1.209s]   /opt/ros/jazzy/share/builtin_interfaces/cmake/ament_cmake_export_include_directories-extras.cmake:13 (normalize_path)
[1.209s]   /opt/ros/jazzy/share/builtin_interfaces/cmake/builtin_interfacesConfig.cmake:41 (include)
[1.209s]   /home/hoangkn/Hoang/Tools/vcpkg/scripts/buildsystems/vcpkg.cmake:910 (_find_package)
[1.209s]   CMakeLists.txt:6 (find_package)
[1.209s] This warning is for project developers.  Use -Wno-dev to suppress it.
[1.209s] [0m
[1.213s] [33mCMake Warning (dev) at /opt/ros/jazzy/share/builtin_interfaces/cmake/rosidl_cmake_export_typesupport_targets-extras.cmake:12 (list):
[1.213s]   Policy CMP0007 is not set: list command no longer ignores empty elements.
[1.213s]   Run "cmake --help-policy CMP0007" for policy details.  Use the cmake_policy
[1.213s]   command to set the policy and suppress this warning.  List has value =
[1.213s]   [;builtin_interfaces__rosidl_generator_py].
[1.213s] Call Stack (most recent call first):
[1.214s]   /opt/ros/jazzy/share/builtin_interfaces/cmake/builtin_interfacesConfig.cmake:41 (include)
[1.214s]   /home/hoangkn/Hoang/Tools/vcpkg/scripts/buildsystems/vcpkg.cmake:910 (_find_package)
[1.214s]   CMakeLists.txt:6 (find_package)
[1.214s] This warning is for project developers.  Use -Wno-dev to suppress it.
[1.214s] [0m
[1.214s] [33mCMake Warning (dev) at /opt/ros/jazzy/share/builtin_interfaces/cmake/rosidl_cmake_export_typesupport_targets-extras.cmake:13 (list):
[1.214s]   Policy CMP0007 is not set: list command no longer ignores empty elements.
[1.214s]   Run "cmake --help-policy CMP0007" for policy details.  Use the cmake_policy
[1.214s]   command to set the policy and suppress this warning.  List has value =
[1.214s]   [;builtin_interfaces__rosidl_generator_py].
[1.214s] Call Stack (most recent call first):
[1.214s]   /opt/ros/jazzy/share/builtin_interfaces/cmake/builtin_interfacesConfig.cmake:41 (include)
[1.214s]   /home/hoangkn/Hoang/Tools/vcpkg/scripts/buildsystems/vcpkg.cmake:910 (_find_package)
[1.215s]   CMakeLists.txt:6 (find_package)
[1.215s] This warning is for project developers.  Use -Wno-dev to suppress it.
[1.215s] [0m
[1.215s] [31mCMake Error at /opt/ros/jazzy/share/builtin_interfaces/cmake/rosidl_cmake_export_typesupport_targets-extras.cmake:13 (list):
[1.215s]   list index: 1 out of range (-1, 0)
[1.215s] Call Stack (most recent call first):
[1.215s]   /opt/ros/jazzy/share/builtin_interfaces/cmake/builtin_interfacesConfig.cmake:41 (include)
[1.215s]   /home/hoangkn/Hoang/Tools/vcpkg/scripts/buildsystems/vcpkg.cmake:910 (_find_package)
[1.215s]   CMakeLists.txt:6 (find_package)
[1.215s] 
[1.215s] [0m
[1.215s] [33mCMake Warning at /opt/ros/jazzy/share/builtin_interfaces/cmake/rosidl_cmake_export_typesupport_targets-extras.cmake:18 (message):
[1.216s]   Package 'builtin_interfaces' exports the typesupport target
[1.216s]   'builtin_interfaces::builtin_interfaces::builtin_interfaces__rosidl_typesupport_cpp'
[1.216s]   which doesn't exist
[1.216s] Call Stack (most recent call first):
[1.216s]   /opt/ros/jazzy/share/builtin_interfaces/cmake/builtin_interfacesConfig.cmake:41 (include)
[1.216s]   /home/hoangkn/Hoang/Tools/vcpkg/scripts/buildsystems/vcpkg.cmake:910 (_find_package)
[1.216s]   CMakeLists.txt:6 (find_package)
[1.216s] 
[1.216s] [0m
[1.224s] [33mCMake Warning (dev) at /opt/ros/jazzy/share/ament_cmake_core/cmake/core/normalize_path.cmake:52 (while):
[1.224s]   Policy CMP0130 is not set: while() diagnoses condition evaluation errors.
[1.224s]   Run "cmake --help-policy CMP0130" for policy details.  Use the cmake_policy
[1.224s]   command to set the policy and suppress this warning.
[1.224s] 
[1.224s]   while() given incorrect arguments:
[1.225s] 
[1.225s]     "TRUE"
[1.225s] 
[1.225s]   An argument named "TRUE" appears in a conditional statement.  Policy
[1.225s]   CMP0012 is not set: if() recognizes numbers and boolean constants.  Run
[1.225s]   "cmake --help-policy CMP0012" for policy details.  Use the cmake_policy
[1.225s]   command to set the policy and suppress this warning.
[1.225s] Call Stack (most recent call first):
[1.225s]   /opt/ros/jazzy/share/ament_cmake_core/cmake/core/normalize_path.cmake:34 (_normalize_path__collapse_redundant)
[1.225s]   /opt/ros/jazzy/share/rcutils/cmake/ament_cmake_export_include_directories-extras.cmake:13 (normalize_path)
[1.225s]   /opt/ros/jazzy/share/rcutils/cmake/rcutilsConfig.cmake:41 (include)
[1.226s]   /home/hoangkn/Hoang/Tools/vcpkg/scripts/buildsystems/vcpkg.cmake:910 (_find_package)
[1.226s]   /opt/ros/jazzy/share/rosidl_runtime_c/cmake/ament_cmake_export_dependencies-extras.cmake:21 (find_package)
[1.226s]   /opt/ros/jazzy/share/rosidl_runtime_c/cmake/rosidl_runtime_cConfig.cmake:41 (include)
[1.226s]   /home/hoangkn/Hoang/Tools/vcpkg/scripts/buildsystems/vcpkg.cmake:910 (_find_package)
[1.226s]   /opt/ros/jazzy/share/builtin_interfaces/cmake/ament_cmake_export_dependencies-extras.cmake:21 (find_package)
[1.226s]   /opt/ros/jazzy/share/builtin_interfaces/cmake/builtin_interfacesConfig.cmake:41 (include)
[1.226s]   /home/hoangkn/Hoang/Tools/vcpkg/scripts/buildsystems/vcpkg.cmake:910 (_find_package)
[1.226s]   CMakeLists.txt:6 (find_package)
[1.226s] This warning is for project developers.  Use -Wno-dev to suppress it.
[1.226s] [0m
[1.226s] [33mCMake Warning (dev) at /opt/ros/jazzy/share/ament_cmake_core/cmake/core/normalize_path.cmake:72 (while):
[1.227s]   Policy CMP0130 is not set: while() diagnoses condition evaluation errors.
[1.227s]   Run "cmake --help-policy CMP0130" for policy details.  Use the cmake_policy
[1.227s]   command to set the policy and suppress this warning.
[1.227s] 
[1.230s]   while() given incorrect arguments:
[1.230s] 
[1.230s]     "TRUE"
[1.230s] 
[1.230s]   An argument named "TRUE" appears in a conditional statement.  Policy
[1.230s]   CMP0012 is not set: if() recognizes numbers and boolean constants.  Run
[1.231s]   "cmake --help-policy CMP0012" for policy details.  Use the cmake_policy
[1.231s]   command to set the policy and suppress this warning.
[1.231s] Call Stack (most recent call first):
[1.231s]   /opt/ros/jazzy/share/ament_cmake_core/cmake/core/normalize_path.cmake:35 (_normalize_path__collapse_uplevel_reference)
[1.231s]   /opt/ros/jazzy/share/rcutils/cmake/ament_cmake_export_include_directories-extras.cmake:13 (normalize_path)
[1.231s]   /opt/ros/jazzy/share/rcutils/cmake/rcutilsConfig.cmake:41 (include)
[1.231s]   /home/hoangkn/Hoang/Tools/vcpkg/scripts/buildsystems/vcpkg.cmake:910 (_find_package)
[1.231s]   /opt/ros/jazzy/share/rosidl_runtime_c/cmake/ament_cmake_export_dependencies-extras.cmake:21 (find_package)
[1.231s]   /opt/ros/jazzy/share/rosidl_runtime_c/cmake/rosidl_runtime_cConfig.cmake:41 (include)
[1.231s]   /home/hoangkn/Hoang/Tools/vcpkg/scripts/buildsystems/vcpkg.cmake:910 (_find_package)
[1.231s]   /opt/ros/jazzy/share/builtin_interfaces/cmake/ament_cmake_export_dependencies-extras.cmake:21 (find_package)
[1.232s]   /opt/ros/jazzy/share/builtin_interfaces/cmake/builtin_interfacesConfig.cmake:41 (include)
[1.232s]   /home/hoangkn/Hoang/Tools/vcpkg/scripts/buildsystems/vcpkg.cmake:910 (_find_package)
[1.232s]   CMakeLists.txt:6 (find_package)
[1.232s] This warning is for project developers.  Use -Wno-dev to suppress it.
[1.232s] [0m
[1.239s] [33mCMake Warning (dev) at /opt/ros/jazzy/share/ament_cmake_core/cmake/core/list_append_unique.cmake:30 (if):
[1.239s]   Policy CMP0057 is not set: Support new IN_LIST if() operator.  Run "cmake
[1.239s]   --help-policy CMP0057" for policy details.  Use the cmake_policy command to
[1.239s]   set the policy and suppress this warning.
[1.239s] 
[1.239s]   IN_LIST will be interpreted as an operator when the policy is set to NEW.
[1.240s]   Since the policy is not set the OLD behavior will be used.
[1.240s] Call Stack (most recent call first):
[1.240s]   /opt/ros/jazzy/share/rcutils/cmake/ament_cmake_export_dependencies-extras.cmake:84 (list_append_unique)
[1.240s]   /opt/ros/jazzy/share/rcutils/cmake/rcutilsConfig.cmake:41 (include)
[1.240s]   /home/hoangkn/Hoang/Tools/vcpkg/scripts/buildsystems/vcpkg.cmake:910 (_find_package)
[1.240s]   /opt/ros/jazzy/share/rosidl_runtime_c/cmake/ament_cmake_export_dependencies-extras.cmake:21 (find_package)
[1.240s]   /opt/ros/jazzy/share/rosidl_runtime_c/cmake/rosidl_runtime_cConfig.cmake:41 (include)
[1.240s]   /home/hoangkn/Hoang/Tools/vcpkg/scripts/buildsystems/vcpkg.cmake:910 (_find_package)
[1.240s]   /opt/ros/jazzy/share/builtin_interfaces/cmake/ament_cmake_export_dependencies-extras.cmake:21 (find_package)
[1.240s]   /opt/ros/jazzy/share/builtin_interfaces/cmake/builtin_interfacesConfig.cmake:41 (include)
[1.240s]   /home/hoangkn/Hoang/Tools/vcpkg/scripts/buildsystems/vcpkg.cmake:910 (_find_package)
[1.240s]   CMakeLists.txt:6 (find_package)
[1.241s] This warning is for project developers.  Use -Wno-dev to suppress it.
[1.241s] [0m
[1.241s] [31mCMake Error at /opt/ros/jazzy/share/ament_cmake_core/cmake/core/list_append_unique.cmake:30 (if):
[1.241s]   if given arguments:
[1.241s] 
[1.241s]     "NOT" "element" "IN_LIST" "rcutils_RECURSIVE_DEPENDENCIES"
[1.241s] 
[1.241s]   Unknown arguments specified
[1.241s] Call Stack (most recent call first):
[1.241s]   /opt/ros/jazzy/share/rcutils/cmake/ament_cmake_export_dependencies-extras.cmake:84 (list_append_unique)
[1.241s]   /opt/ros/jazzy/share/rcutils/cmake/rcutilsConfig.cmake:41 (include)
[1.241s]   /home/hoangkn/Hoang/Tools/vcpkg/scripts/buildsystems/vcpkg.cmake:910 (_find_package)
[1.242s]   /opt/ros/jazzy/share/rosidl_runtime_c/cmake/ament_cmake_export_dependencies-extras.cmake:21 (find_package)
[1.242s]   /opt/ros/jazzy/share/rosidl_runtime_c/cmake/rosidl_runtime_cConfig.cmake:41 (include)
[1.242s]   /home/hoangkn/Hoang/Tools/vcpkg/scripts/buildsystems/vcpkg.cmake:910 (_find_package)
[1.242s]   /opt/ros/jazzy/share/builtin_interfaces/cmake/ament_cmake_export_dependencies-extras.cmake:21 (find_package)
[1.242s]   /opt/ros/jazzy/share/builtin_interfaces/cmake/builtin_interfacesConfig.cmake:41 (include)
[1.242s]   /home/hoangkn/Hoang/Tools/vcpkg/scripts/buildsystems/vcpkg.cmake:910 (_find_package)
[1.242s]   CMakeLists.txt:6 (find_package)
[1.242s] 
[1.242s] [0m
[1.242s] -- Configuring incomplete, errors occurred!
[1.251s] Invoked command in '/home/hoangkn/Hoang/Main-Projects/SentinelDrone/bookros2_ws/build/br2_tracking_msgs' returned '1': CMAKE_PREFIX_PATH=${CMAKE_PREFIX_PATH}:/opt/ros/jazzy DEBUGINFOD_URLS=https://debuginfod.ubuntu.com /usr/bin/cmake /home/hoangkn/Hoang/Main-Projects/SentinelDrone/bookros2_ws/src/book_ros2/br2_tracking_msgs -DAMENT_CMAKE_SYMLINK_INSTALL=1 -DCMAKE_INSTALL_PREFIX=/home/hoangkn/Hoang/Main-Projects/SentinelDrone/bookros2_ws/install/br2_tracking_msgs
