[0.177s] Invoking command in '/home/hoangkn/Hoang/Main-Projects/SentinelDrone/bookros2_ws/build/pmb2_laser_sensors': CMAKE_PREFIX_PATH=${CMAKE_PREFIX_PATH}:/opt/ros/jazzy DEBUGINFOD_URLS=https://debuginfod.ubuntu.com /usr/bin/cmake /home/hoangkn/Hoang/Main-Projects/SentinelDrone/bookros2_ws/src/ThirdParty/pmb2_navigation/pmb2_laser_sensors -DAMENT_CMAKE_SYMLINK_INSTALL=1 -DCMAKE_INSTALL_PREFIX=/home/hoangkn/Hoang/Main-Projects/SentinelDrone/bookros2_ws/install/pmb2_laser_sensors
[1.247s] -- The C compiler identification is GNU 13.3.0
[1.248s] -- The CXX compiler identification is GNU 13.3.0
[1.248s] -- Detecting C compiler ABI info
[1.248s] -- Detecting C compiler ABI info - done
[1.248s] -- Check for working C compiler: /usr/bin/cc - skipped
[1.248s] -- Detecting C compile features
[1.248s] -- Detecting C compile features - done
[1.248s] -- Detecting CXX compiler ABI info
[1.248s] -- Detecting CXX compiler ABI info - done
[1.248s] -- Check for working CXX compiler: /usr/bin/c++ - skipped
[1.249s] -- Detecting CXX compile features
[1.249s] -- Detecting CXX compile features - done
[1.249s] -- Found ament_cmake_auto: 2.5.6 (/opt/ros/jazzy/share/ament_cmake_auto/cmake)
[1.249s] -- Found Python3: /usr/bin/python3 (found version "3.12.3") found components: Interpreter 
[1.249s] -- Override CMake install command with custom implementation using symlinks instead of copying resources
[1.379s] -- Added test 'copyright' to check source files copyright and LICENSE
[1.385s] -- Added test 'flake8' to check Python code syntax and style conventions
[1.385s] -- Configured 'flake8' exclude dirs and/or files: 
[1.395s] -- Added test 'lint_cmake' to check CMake code style
[1.395s] -- Added test 'pep257' to check Python code against some of the docstring style conventions in PEP 257
[1.399s] -- Added test 'xmllint' to check XML markup files
[1.403s] -- Configuring done (1.2s)
[1.408s] -- Generating done (0.0s)
[1.410s] -- Build files have been written to: /home/hoangkn/Hoang/Main-Projects/SentinelDrone/bookros2_ws/build/pmb2_laser_sensors
