[0.175s] Invoking command in '/home/hoangkn/Hoang/Main-Projects/SentinelDrone/bookros2_ws/build/br2_deep_ros': CMAKE_PREFIX_PATH=${CMAKE_PREFIX_PATH}:/opt/ros/jazzy DEBUGINFOD_URLS=https://debuginfod.ubuntu.com /usr/bin/cmake /home/hoangkn/Hoang/Main-Projects/SentinelDrone/bookros2_ws/src/book_ros2/br2_deep_ros -DAMENT_CMAKE_SYMLINK_INSTALL=1 -DCMAKE_INSTALL_PREFIX=/home/hoangkn/Hoang/Main-Projects/SentinelDrone/bookros2_ws/install/br2_deep_ros
[1.389s] -- The C compiler identification is GNU 13.3.0
[1.389s] -- The CXX compiler identification is GNU 13.3.0
[1.389s] -- Detecting C compiler ABI info
[1.389s] -- Detecting C compiler ABI info - done
[1.389s] -- Check for working C compiler: /usr/bin/cc - skipped
[1.389s] -- Detecting C compile features
[1.390s] -- Detecting C compile features - done
[1.390s] -- Detecting CXX compiler ABI info
[1.390s] -- Detecting CXX compiler ABI info - done
[1.390s] -- Check for working CXX compiler: /usr/bin/c++ - skipped
[1.390s] -- Detecting CXX compile features
[1.390s] -- Detecting CXX compile features - done
[1.391s] -- Found ament_cmake: 2.5.6 (/opt/ros/jazzy/share/ament_cmake/cmake)
[1.391s] -- Found Python3: /usr/bin/python3 (found version "3.12.3") found components: Interpreter 
[1.391s] -- Override CMake install command with custom implementation using symlinks instead of copying resources
[1.391s] -- Found rclcpp: 28.1.18 (/opt/ros/jazzy/share/rclcpp/cmake)
[1.391s] -- Found rosidl_generator_c: 4.6.7 (/opt/ros/jazzy/share/rosidl_generator_c/cmake)
[1.391s] -- Found rosidl_generator_cpp: 4.6.7 (/opt/ros/jazzy/share/rosidl_generator_cpp/cmake)
[1.391s] -- Using all available rosidl_typesupport_c: rosidl_typesupport_fastrtps_c;rosidl_typesupport_introspection_c
[1.391s] -- Using all available rosidl_typesupport_cpp: rosidl_typesupport_fastrtps_cpp;rosidl_typesupport_introspection_cpp
[1.469s] -- Found rmw_implementation_cmake: 7.3.3 (/opt/ros/jazzy/share/rmw_implementation_cmake/cmake)
[1.473s] -- Found rmw_fastrtps_cpp: 8.4.3 (/opt/ros/jazzy/share/rmw_fastrtps_cpp/cmake)
[1.562s] -- Performing Test CMAKE_HAVE_LIBC_PTHREAD
[1.643s] -- Performing Test CMAKE_HAVE_LIBC_PTHREAD - Success
[1.644s] -- Found Threads: TRUE  
[1.645s] -- Found OpenSSL: /home/hoangkn/Hoang/Tools/vcpkg/installed/x64-linux/debug/lib/libcrypto.a (found version "3.6.2")  
[1.681s] -- Found FastRTPS: /opt/ros/jazzy/include (Required is at least version "2.13") 
[1.713s] -- Using RMW implementation 'rmw_fastrtps_cpp' as default
[1.803s] -- Found std_msgs: 5.3.7 (/opt/ros/jazzy/share/std_msgs/cmake)
[1.821s] -- Found sensor_msgs: 5.3.7 (/opt/ros/jazzy/share/sensor_msgs/cmake)
[1.878s] [31mCMake Error at /home/hoangkn/Hoang/Tools/vcpkg/scripts/buildsystems/vcpkg.cmake:910 (_find_package):
[1.878s]   By not providing "Findvision_msgs.cmake" in CMAKE_MODULE_PATH this project
[1.878s]   has asked CMake to find a package configuration file provided by
[1.878s]   "vision_msgs", but CMake did not find one.
[1.878s] 
[1.878s]   Could not find a package configuration file provided by "vision_msgs" with
[1.878s]   any of the following names:
[1.878s] 
[1.879s]     vision_msgsConfig.cmake
[1.879s]     vision_msgs-config.cmake
[1.879s] 
[1.879s]   Add the installation prefix of "vision_msgs" to CMAKE_PREFIX_PATH or set
[1.879s]   "vision_msgs_DIR" to a directory containing one of the above files.  If
[1.879s]   "vision_msgs" provides a separate development package or SDK, be sure it
[1.879s]   has been installed.
[1.879s] Call Stack (most recent call first):
[1.879s]   CMakeLists.txt:9 (find_package)
[1.879s] 
[1.879s] [0m
[1.879s] -- Configuring incomplete, errors occurred!
